Build started 2016-03-18 오후 1:28:54.
     1>Project "C:\Users\jungjune\Desktop\프로젝트\ServerEngine\Server (2)\GameFramework\GameFramework.vcxproj" on node 2 (Build target(s)).
     1>C:\Program Files (x86)\MSBuild\Microsoft.Cpp\v4.0\V120\Microsoft.CppBuild.targets(388,5): warning MSB8028: The intermediate directory (Debug\) contains files shared from another project (SunrinStone.vcxproj).  This can lead to incorrect clean and rebuild behavior.
     1>ClCompile:
         E:\ProgramFiles\VS\VC\bin\CL.exe /c /ZI /nologo /W3 /WX- /Od /Oy- /D WIN32 /D _DEBUG /D _WINDOWS /D _UNICODE /D UNICODE /Gm /EHsc /RTC1 /MDd /GS /fp:precise /Zc:wchar_t /Zc:forScope /Fo"Debug\\" /Fd"Debug\vc120.pdb" /Gd /TP /analyze- /errorReport:prompt ToolBar.cpp
         ToolBar.cpp
     1>c:\users\jungjune\desktop\프로젝트\serverengine\server (2)\d3d\include\dxgitype.h(12): warning C4005: 'DXGI_STATUS_OCCLUDED' : macro redefinition
                 c:\program files (x86)\windows kits\8.1\include\shared\winerror.h(50092) : see previous definition of 'DXGI_STATUS_OCCLUDED'
     1>c:\users\jungjune\desktop\프로젝트\serverengine\server (2)\d3d\include\dxgitype.h(13): warning C4005: 'DXGI_STATUS_CLIPPED' : macro redefinition
                 c:\program files (x86)\windows kits\8.1\include\shared\winerror.h(50101) : see previous definition of 'DXGI_STATUS_CLIPPED'
     1>c:\users\jungjune\desktop\프로젝트\serverengine\server (2)\d3d\include\dxgitype.h(14): warning C4005: 'DXGI_STATUS_NO_REDIRECTION' : macro redefinition
                 c:\program files (x86)\windows kits\8.1\include\shared\winerror.h(50110) : see previous definition of 'DXGI_STATUS_NO_REDIRECTION'
     1>c:\users\jungjune\desktop\프로젝트\serverengine\server (2)\d3d\include\dxgitype.h(15): warning C4005: 'DXGI_STATUS_NO_DESKTOP_ACCESS' : macro redefinition
                 c:\program files (x86)\windows kits\8.1\include\shared\winerror.h(50119) : see previous definition of 'DXGI_STATUS_NO_DESKTOP_ACCESS'
     1>c:\users\jungjune\desktop\프로젝트\serverengine\server (2)\d3d\include\dxgitype.h(16): warning C4005: 'DXGI_STATUS_GRAPHICS_VIDPN_SOURCE_IN_USE' : macro redefinition
                 c:\program files (x86)\windows kits\8.1\include\shared\winerror.h(50128) : see previous definition of 'DXGI_STATUS_GRAPHICS_VIDPN_SOURCE_IN_USE'
     1>c:\users\jungjune\desktop\프로젝트\serverengine\server (2)\d3d\include\dxgitype.h(17): warning C4005: 'DXGI_STATUS_MODE_CHANGED' : macro redefinition
                 c:\program files (x86)\windows kits\8.1\include\shared\winerror.h(50137) : see previous definition of 'DXGI_STATUS_MODE_CHANGED'
     1>c:\users\jungjune\desktop\프로젝트\serverengine\server (2)\d3d\include\dxgitype.h(18): warning C4005: 'DXGI_STATUS_MODE_CHANGE_IN_PROGRESS' : macro redefinition
                 c:\program files (x86)\windows kits\8.1\include\shared\winerror.h(50146) : see previous definition of 'DXGI_STATUS_MODE_CHANGE_IN_PROGRESS'
     1>c:\users\jungjune\desktop\프로젝트\serverengine\server (2)\d3d\include\dxgitype.h(21): warning C4005: 'DXGI_ERROR_INVALID_CALL' : macro redefinition
                 c:\program files (x86)\windows kits\8.1\include\shared\winerror.h(50161) : see previous definition of 'DXGI_ERROR_INVALID_CALL'
     1>c:\users\jungjune\desktop\프로젝트\serverengine\server (2)\d3d\include\dxgitype.h(22): warning C4005: 'DXGI_ERROR_NOT_FOUND' : macro redefinition
                 c:\program files (x86)\windows kits\8.1\include\shared\winerror.h(50170) : see previous definition of 'DXGI_ERROR_NOT_FOUND'
     1>c:\users\jungjune\desktop\프로젝트\serverengine\server (2)\d3d\include\dxgitype.h(23): warning C4005: 'DXGI_ERROR_MORE_DATA' : macro redefinition
                 c:\program files (x86)\windows kits\8.1\include\shared\winerror.h(50179) : see previous definition of 'DXGI_ERROR_MORE_DATA'
     1>c:\users\jungjune\desktop\프로젝트\serverengine\server (2)\d3d\include\dxgitype.h(24): warning C4005: 'DXGI_ERROR_UNSUPPORTED' : macro redefinition
                 c:\program files (x86)\windows kits\8.1\include\shared\winerror.h(50188) : see previous definition of 'DXGI_ERROR_UNSUPPORTED'
     1>c:\users\jungjune\desktop\프로젝트\serverengine\server (2)\d3d\include\dxgitype.h(25): warning C4005: 'DXGI_ERROR_DEVICE_REMOVED' : macro redefinition
                 c:\program files (x86)\windows kits\8.1\include\shared\winerror.h(50197) : see previous definition of 'DXGI_ERROR_DEVICE_REMOVED'
     1>c:\users\jungjune\desktop\프로젝트\serverengine\server (2)\d3d\include\dxgitype.h(26): warning C4005: 'DXGI_ERROR_DEVICE_HUNG' : macro redefinition
                 c:\program files (x86)\windows kits\8.1\include\shared\winerror.h(50206) : see previous definition of 'DXGI_ERROR_DEVICE_HUNG'
     1>c:\users\jungjune\desktop\프로젝트\serverengine\server (2)\d3d\include\dxgitype.h(27): warning C4005: 'DXGI_ERROR_DEVICE_RESET' : macro redefinition
                 c:\program files (x86)\windows kits\8.1\include\shared\winerror.h(50216) : see previous definition of 'DXGI_ERROR_DEVICE_RESET'
     1>c:\users\jungjune\desktop\프로젝트\serverengine\server (2)\d3d\include\dxgitype.h(28): warning C4005: 'DXGI_ERROR_WAS_STILL_DRAWING' : macro redefinition
                 c:\program files (x86)\windows kits\8.1\include\shared\winerror.h(50225) : see previous definition of 'DXGI_ERROR_WAS_STILL_DRAWING'
     1>c:\users\jungjune\desktop\프로젝트\serverengine\server (2)\d3d\include\dxgitype.h(29): warning C4005: 'DXGI_ERROR_FRAME_STATISTICS_DISJOINT' : macro redefinition
                 c:\program files (x86)\windows kits\8.1\include\shared\winerror.h(50235) : see previous definition of 'DXGI_ERROR_FRAME_STATISTICS_DISJOINT'
     1>c:\users\jungjune\desktop\프로젝트\serverengine\server (2)\d3d\include\dxgitype.h(30): warning C4005: 'DXGI_ERROR_GRAPHICS_VIDPN_SOURCE_IN_USE' : macro redefinition
                 c:\program files (x86)\windows kits\8.1\include\shared\winerror.h(50244) : see previous definition of 'DXGI_ERROR_GRAPHICS_VIDPN_SOURCE_IN_USE'
     1>c:\users\jungjune\desktop\프로젝트\serverengine\server (2)\d3d\include\dxgitype.h(31): warning C4005: 'DXGI_ERROR_DRIVER_INTERNAL_ERROR' : macro redefinition
                 c:\program files (x86)\windows kits\8.1\include\shared\winerror.h(50254) : see previous definition of 'DXGI_ERROR_DRIVER_INTERNAL_ERROR'
     1>c:\users\jungjune\desktop\프로젝트\serverengine\server (2)\d3d\include\dxgitype.h(32): warning C4005: 'DXGI_ERROR_NONEXCLUSIVE' : macro redefinition
                 c:\program files (x86)\windows kits\8.1\include\shared\winerror.h(50263) : see previous definition of 'DXGI_ERROR_NONEXCLUSIVE'
     1>c:\users\jungjune\desktop\프로젝트\serverengine\server (2)\d3d\include\dxgitype.h(33): warning C4005: 'DXGI_ERROR_NOT_CURRENTLY_AVAILABLE' : macro redefinition
                 c:\program files (x86)\windows kits\8.1\include\shared\winerror.h(50272) : see previous definition of 'DXGI_ERROR_NOT_CURRENTLY_AVAILABLE'
     1>c:\users\jungjune\desktop\프로젝트\serverengine\server (2)\d3d\include\dxgitype.h(34): warning C4005: 'DXGI_ERROR_REMOTE_CLIENT_DISCONNECTED' : macro redefinition
                 c:\program files (x86)\windows kits\8.1\include\shared\winerror.h(50282) : see previous definition of 'DXGI_ERROR_REMOTE_CLIENT_DISCONNECTED'
     1>c:\users\jungjune\desktop\프로젝트\serverengine\server (2)\d3d\include\dxgitype.h(35): warning C4005: 'DXGI_ERROR_REMOTE_OUTOFMEMORY' : macro redefinition
                 c:\program files (x86)\windows kits\8.1\include\shared\winerror.h(50291) : see previous definition of 'DXGI_ERROR_REMOTE_OUTOFMEMORY'
     1>c:\users\jungjune\desktop\프로젝트\serverengine\server (2)\d3d\include\d3d10.h(608): warning C4005: 'D3D10_ERROR_TOO_MANY_UNIQUE_STATE_OBJECTS' : macro redefinition
                 c:\program files (x86)\windows kits\8.1\include\shared\winerror.h(50445) : see previous definition of 'D3D10_ERROR_TOO_MANY_UNIQUE_STATE_OBJECTS'
     1>c:\users\jungjune\desktop\프로젝트\serverengine\server (2)\d3d\include\d3d10.h(609): warning C4005: 'D3D10_ERROR_FILE_NOT_FOUND' : macro redefinition
                 c:\program files (x86)\windows kits\8.1\include\shared\winerror.h(50454) : see previous definition of 'D3D10_ERROR_FILE_NOT_FOUND'
     1>c:\users\jungjune\desktop\프로젝트\serverengine\server (2)\gameframework\toolbar.cpp(8): warning C4244: 'argument' : conversion from 'int' to 'FLOAT', possible loss of data
     1>c:\users\jungjune\desktop\프로젝트\serverengine\server (2)\gameframework\toolbar.cpp(16): warning C4244: 'argument' : conversion from 'int' to 'FLOAT', possible loss of data
       Link:
         E:\ProgramFiles\VS\VC\bin\link.exe /ERRORREPORT:PROMPT /OUT:"C:\Users\jungjune\Desktop\프로젝트\ServerEngine\Server (2)\Debug\GameFrameWork.exe" /INCREMENTAL /NOLOGO fmod_vc.lib kernel32.lib user32.lib gdi32.lib winspool.lib comdlg32.lib advapi32.lib shell32.lib ole32.lib oleaut32.lib uuid.lib odbc32.lib odbccp32.lib /MANIFEST /MANIFESTUAC:"level='asInvoker' uiAccess='false'" /manifest:embed /DEBUG /PDB:"C:\Users\jungjune\Desktop\프로젝트\ServerEngine\Server (2)\Debug\GameFrameWork.pdb" /SUBSYSTEM:WINDOWS /TLBID:1 /DYNAMICBASE /NXCOMPAT /IMPLIB:"C:\Users\jungjune\Desktop\프로젝트\ServerEngine\Server (2)\Debug\GameFrameWork.lib" /MACHINE:X86 /SAFESEH Debug\GameFrameWork.res
         Debug\Animation.obj
         Debug\Application.obj
         Debug\Block.obj
         Debug\BroadCast.obj
         Debug\CSound.obj
         Debug\DebugFile.obj
         Debug\Drag.obj
         Debug\EditText.obj
         Debug\Font.obj
         Debug\Function.obj
         Debug\GUIButton.obj
         Debug\InputManager.obj
         Debug\ISceneNode.obj
         Debug\Load.obj
         Debug\main.obj
         Debug\MainScene.obj
         Debug\MouseCusor.obj
         Debug\NewFile.obj
         Debug\PathMgr.obj
         Debug\PlayBoard.obj
         Debug\RightTool.obj
         Debug\Save.obj
         Debug\SaveFile.obj
         Debug\SceneManager.obj
         Debug\SetPos.obj
         Debug\SplashScene.obj
         Debug\Sprite.obj
         Debug\SpriteManager.obj
         Debug\StikPannel_Block.obj
         Debug\StikPannel_Piece.obj
         Debug\TextureManager.obj
         Debug\ToolBar.obj
         Debug\ToolBtn.obj
         Debug\TopBar.obj
         Debug\Wheel.obj
         Debug\LoadFile.obj
         GameFramework.vcxproj -> C:\Users\jungjune\Desktop\프로젝트\ServerEngine\Server (2)\Debug\GameFrameWork.exe
     1>Done Building Project "C:\Users\jungjune\Desktop\프로젝트\ServerEngine\Server (2)\GameFramework\GameFramework.vcxproj" (Build target(s)).

Build succeeded.

Time Elapsed 00:00:03.52
