e:\개인폴더\gameframework\gameframework\debug\vc120.pdb
e:\개인폴더\gameframework\gameframework\debug\vc120.idb
e:\개인폴더\gameframework\gameframework\debug\function.obj
e:\개인폴더\gameframework\gameframework\debug\gamescene.obj
e:\개인폴더\gameframework\gameframework\debug\iscenenode.obj
e:\개인폴더\gameframework\gameframework\debug\main.obj
e:\개인폴더\gameframework\gameframework\debug\scenemanager.obj
e:\개인폴더\gameframework\gameframework\debug\sprite.obj
e:\개인폴더\gameframework\gameframework\debug\spritemanager.obj
e:\개인폴더\gameframework\gameframework\debug\texturemanager.obj
e:\개인폴더\gameframework\gameframework\debug\animation.obj
e:\개인폴더\gameframework\gameframework\debug\application.obj
e:\개인폴더\gameframework\gameframework\debug\bullet.obj
e:\개인폴더\gameframework\gameframework\debug\bulletmanager.obj
e:\개인폴더\gameframework\gameframework\debug\enemy.obj
e:\개인폴더\gameframework\gameframework\debug\enemymanager.obj
e:\개인폴더\gameframework\gameframework\debug\inputmanager.obj
e:\개인폴더\gameframework\gameframework\debug\player.obj
e:\개인폴더\gameframework\gameframework\debug\gameframework.exe.embed.manifest
e:\개인폴더\gameframework\gameframework\debug\gameframework.exe.intermediate.manifest
e:\개인폴더\gameframework\gameframework\debug\gameframework.exe.embed.manifest.res
e:\개인폴더\gameframework\gameframework\debug\vc90.idb
e:\개인폴더\gameframework\gameframework\debug\vc90.pdb
e:\개인폴더\gameframework\debug\sunrinstone.pdb
e:\개인폴더\gameframework\debug\sunrinstone.exe
e:\개인폴더\gameframework\debug\sunrinstone.ilk
e:\개인폴더\gameframework\gameframework\debug\sunrinstone.tlog\cl.command.1.tlog
e:\개인폴더\gameframework\gameframework\debug\sunrinstone.tlog\cl.read.1.tlog
e:\개인폴더\gameframework\gameframework\debug\sunrinstone.tlog\cl.write.1.tlog
e:\개인폴더\gameframework\gameframework\debug\sunrinstone.tlog\link.command.1.tlog
e:\개인폴더\gameframework\gameframework\debug\sunrinstone.tlog\link.read.1.tlog
e:\개인폴더\gameframework\gameframework\debug\sunrinstone.tlog\link.write.1.tlog
